<?xml version="1.0" encoding="UTF-8"?>
<!-- Generated by org.testng.reporters.JUnitReportReporter -->
<testsuite hostname="Parths-MacBook-Pro.local" failures="0" tests="1" name="tests.UpdateNote" time="4.783" errors="0" timestamp="2021-08-16T12:08:19 EDT" skipped="0">
  <testcase classname="tests.UpdateNote" name="t2" time="4.783"/>
  <system-out/>
</testsuite> <!-- tests.UpdateNote -->
