<?xml version="1.0" encoding="UTF-8"?>
<!-- Generated by org.testng.reporters.JUnitReportReporter -->
<testsuite hostname="Parths-MacBook-Pro.local" failures="0" tests="1" name="tests.test1" time="0.008" errors="0" timestamp="2021-08-15T18:03:04 EDT" skipped="0">
  <testcase classname="tests.test1" name="t1" time="0.008"/>
  <system-out/>
</testsuite> <!-- tests.test1 -->
