<?xml version="1.0" encoding="UTF-8"?>
<!-- Generated by org.testng.reporters.JUnitReportReporter -->
<testsuite hostname="Parths-MacBook-Pro.local" failures="0" tests="1" name="tests.CreateNote" time="8.478" errors="0" timestamp="2021-08-16T12:08:14 EDT" skipped="0">
  <testcase classname="tests.CreateNote" name="t1" time="8.478"/>
  <system-out/>
</testsuite> <!-- tests.CreateNote -->
