<?xml version="1.0" encoding="UTF-8"?>
<!-- Generated by org.testng.reporters.JUnitReportReporter -->
<testsuite hostname="Parths-MacBook-Pro.local" failures="0" tests="1" name="tests.ArchiveNote" time="25.702" errors="0" timestamp="2021-08-17T03:11:26 EDT" skipped="0">
  <testcase classname="tests.ArchiveNote" name="ArchiveNote" time="25.702"/>
  <system-out/>
</testsuite> <!-- tests.ArchiveNote -->
