<?xml version="1.0" encoding="UTF-8"?>
<!-- Generated by org.testng.reporters.JUnitReportReporter -->
<testsuite hostname="Parths-MacBook-Pro.local" failures="0" tests="1" name="tests.BaseClass" time="0.004" errors="0" timestamp="2021-08-14T22:55:07 EDT" skipped="0">
  <testcase classname="tests.BaseClass" name="sampleTest" time="0.004"/>
  <system-out/>
</testsuite> <!-- tests.BaseClass -->
