<?xml version="1.0" encoding="UTF-8"?>
<!-- Generated by org.testng.reporters.JUnitReportReporter -->
<testsuite hostname="Parths-MacBook-Pro.local" failures="0" tests="1" name="tests.CreateNote" time="10.313" errors="0" timestamp="2021-08-17T03:11:31 EDT" skipped="0">
  <testcase classname="tests.CreateNote" name="newNote" time="10.313"/>
  <system-out/>
</testsuite> <!-- tests.CreateNote -->
