<?xml version="1.0" encoding="UTF-8"?>
<!-- Generated by org.testng.reporters.JUnitReportReporter -->
<testsuite hostname="Parths-MacBook-Pro.local" failures="0" tests="1" name="tests.test2" time="0.000" errors="0" timestamp="2021-08-15T18:11:10 EDT" skipped="0">
  <testcase classname="tests.test2" name="t2" time="0.000"/>
  <system-out/>
</testsuite> <!-- tests.test2 -->
